<span style='font-weight: bold; color: #0033cc'>[2023-01-27 00:28:03] DEBUG:</span>	 adjusting stock in WooCommerce from Phorest data
<span style='font-weight: bold; color: #0033cc'>[2023-01-27 00:28:11] DEBUG:</span>	 product updated: Ultra Free Mud 50ml  (4712782263660) old=471 new=470
<span style='font-weight: bold; color: #009933'>[2023-01-27 00:28:11] INFO:</span>	 stock adjusted in WooCommerce from Phorest data (981 products not found by barcode, 1 products updated )
<span style='font-weight: bold; color: #009933'>[2023-01-27 00:28:56] INFO:</span>	 new order (orderId 91)
<span style='font-weight: bold; color: #0033cc'>[2023-01-27 00:28:57] DEBUG:</span>	 order #91 customer: <pre>stdClass Object
(
    [clientId] => tNqpRcqY1GvKL3VluZrUig
    [version] => 7
    [firstName] => Sascha
    [lastName] => Schmolz
    [mobile] => 174123456789
    [landLine] => 
    [email] => sascha.schmolz@googlemail.com
    [createdAt] => 2023-01-21T21:56:54.000Z
    [updatedAt] => 2023-01-26T23:09:22.000Z
    [address] => stdClass Object
        (
            [streetAddress1] => Teststrasse 123
            [streetAddress2] => 
            [city] => Metzingen
            [state] => 
            [postalCode] => 72555
            [country] => Germany
        )

    [clientSince] => 2023-01-21T22:00:00.000Z
    [gender] => MALE
    [notes] => Testkunde - bitte ignorieren/löschen
    [smsMarketingConsent] => 
    [emailMarketingConsent] => 
    [smsReminderConsent] => 
    [emailReminderConsent] => 
    [preferredStaffId] => XaAp4WctXOD7Lml0M-GtEA
    [creditAccount] => stdClass Object
        (
            [creditDays] => 0
            [creditLimit] => 500
        )

    [loyaltyCard] => stdClass Object
        (
            [points] => 0
        )

    [creatingBranchId] => nOyAmzOP_j3o0YAiiDM__Q
    [archived] => 
    [deleted] => 
    [banned] => 
    [clientCategoryIds] => Array
        (
        )

)
</pre>
<span style='font-weight: bold; color: #0033cc'>[2023-01-27 00:28:57] DEBUG:</span>	 sum = 57.800000
<span style='font-weight: bold; color: #0033cc'>[2023-01-27 00:28:57] DEBUG:</span>	 item price = 28.900000, rounded = 28.900000
<span style='font-weight: bold; color: #0033cc'>[2023-01-27 00:29:24] DEBUG:</span>	 creating purchase: {"number":"ab38459b-a7b3-4ac0-99e4-1c283f1fcf8c","clientId":"tNqpRcqY1GvKL3VluZrUig","items":[{"branchProductId":"QPDItBq-1XCcQYtJvkir6kP0CqXUThxB_w6qwbGek7A","price":"28.90","quantity":2}],"payments":[{"amount":"57.80","type":"CREDIT"}]}
<span style='font-weight: bold; color: #009933'>[2023-01-27 00:38:56] INFO:</span>	 new order (orderId 92)
<span style='font-weight: bold; color: #0033cc'>[2023-01-27 00:38:57] DEBUG:</span>	 order #92 customer: <pre>stdClass Object
(
    [clientId] => tNqpRcqY1GvKL3VluZrUig
    [version] => 7
    [firstName] => Sascha
    [lastName] => Schmolz
    [mobile] => 174123456789
    [landLine] => 
    [email] => sascha.schmolz@googlemail.com
    [createdAt] => 2023-01-21T21:56:54.000Z
    [updatedAt] => 2023-01-26T23:09:22.000Z
    [address] => stdClass Object
        (
            [streetAddress1] => Teststrasse 123
            [streetAddress2] => 
            [city] => Metzingen
            [state] => 
            [postalCode] => 72555
            [country] => Germany
        )

    [clientSince] => 2023-01-21T22:00:00.000Z
    [gender] => MALE
    [notes] => Testkunde - bitte ignorieren/löschen
    [smsMarketingConsent] => 
    [emailMarketingConsent] => 
    [smsReminderConsent] => 
    [emailReminderConsent] => 
    [preferredStaffId] => XaAp4WctXOD7Lml0M-GtEA
    [creditAccount] => stdClass Object
        (
            [creditDays] => 0
            [creditLimit] => 500
        )

    [loyaltyCard] => stdClass Object
        (
            [points] => 0
        )

    [creatingBranchId] => nOyAmzOP_j3o0YAiiDM__Q
    [archived] => 
    [deleted] => 
    [banned] => 
    [clientCategoryIds] => Array
        (
        )

)
</pre>
<span style='font-weight: bold; color: #0033cc'>[2023-01-27 00:38:57] DEBUG:</span>	 sum = 57.800000
<span style='font-weight: bold; color: #0033cc'>[2023-01-27 00:38:57] DEBUG:</span>	 item price = 28.900000, rounded = 28.900000
<span style='font-weight: bold; color: #0033cc'>[2023-01-27 00:39:06] DEBUG:</span>	 creating purchase: {"number":"6c7b070f-980f-43ef-88a0-69dc6ac37814","clientId":"tNqpRcqY1GvKL3VluZrUig","items":[{"branchProductId":"QPDItBq-1XCcQYtJvkir6kP0CqXUThxB_w6qwbGek7A","price":"28.90","quantity":2}],"payments":[{"amount":"57.80","type":"CREDIT"}]}
<span style='font-weight: bold; color: #009933'>[2023-01-27 00:40:29] INFO:</span>	 new order (orderId 93)
<span style='font-weight: bold; color: #0033cc'>[2023-01-27 00:40:29] DEBUG:</span>	 order #93 customer: <pre>stdClass Object
(
    [clientId] => tNqpRcqY1GvKL3VluZrUig
    [version] => 7
    [firstName] => Sascha
    [lastName] => Schmolz
    [mobile] => 174123456789
    [landLine] => 
    [email] => sascha.schmolz@googlemail.com
    [createdAt] => 2023-01-21T21:56:54.000Z
    [updatedAt] => 2023-01-26T23:09:22.000Z
    [address] => stdClass Object
        (
            [streetAddress1] => Teststrasse 123
            [streetAddress2] => 
            [city] => Metzingen
            [state] => 
            [postalCode] => 72555
            [country] => Germany
        )

    [clientSince] => 2023-01-21T22:00:00.000Z
    [gender] => MALE
    [notes] => Testkunde - bitte ignorieren/löschen
    [smsMarketingConsent] => 
    [emailMarketingConsent] => 
    [smsReminderConsent] => 
    [emailReminderConsent] => 
    [preferredStaffId] => XaAp4WctXOD7Lml0M-GtEA
    [creditAccount] => stdClass Object
        (
            [creditDays] => 0
            [creditLimit] => 500
        )

    [loyaltyCard] => stdClass Object
        (
            [points] => 0
        )

    [creatingBranchId] => nOyAmzOP_j3o0YAiiDM__Q
    [archived] => 
    [deleted] => 
    [banned] => 
    [clientCategoryIds] => Array
        (
        )

)
</pre>
<span style='font-weight: bold; color: #0033cc'>[2023-01-27 00:40:30] DEBUG:</span>	 sum = 57.800000
<span style='font-weight: bold; color: #0033cc'>[2023-01-27 00:40:30] DEBUG:</span>	 item price = 28.900000, rounded = 28.900000
<span style='font-weight: bold; color: #0033cc'>[2023-01-27 00:40:30] DEBUG:</span>	 creating purchase: {"number":"158e5880-df61-425c-9493-8b47fb2ac2fe","clientId":"tNqpRcqY1GvKL3VluZrUig","items":[{"branchProductId":"QPDItBq-1XCcQYtJvkir6kP0CqXUThxB_w6qwbGek7A","price":"28.90","quantity":2}],"payments":[{"amount":"57.80","type":"CREDIT"}]}
<span style='font-weight: bold; color: #009933'>[2023-01-27 00:42:08] INFO:</span>	 new order (orderId 94)
<span style='font-weight: bold; color: #0033cc'>[2023-01-27 00:42:09] DEBUG:</span>	 order #94 customer: <pre>stdClass Object
(
    [clientId] => tNqpRcqY1GvKL3VluZrUig
    [version] => 7
    [firstName] => Sascha
    [lastName] => Schmolz
    [mobile] => 174123456789
    [landLine] => 
    [email] => sascha.schmolz@googlemail.com
    [createdAt] => 2023-01-21T21:56:54.000Z
    [updatedAt] => 2023-01-26T23:09:22.000Z
    [address] => stdClass Object
        (
            [streetAddress1] => Teststrasse 123
            [streetAddress2] => 
            [city] => Metzingen
            [state] => 
            [postalCode] => 72555
            [country] => Germany
        )

    [clientSince] => 2023-01-21T22:00:00.000Z
    [gender] => MALE
    [notes] => Testkunde - bitte ignorieren/löschen
    [smsMarketingConsent] => 
    [emailMarketingConsent] => 
    [smsReminderConsent] => 
    [emailReminderConsent] => 
    [preferredStaffId] => XaAp4WctXOD7Lml0M-GtEA
    [creditAccount] => stdClass Object
        (
            [creditDays] => 0
            [creditLimit] => 500
        )

    [loyaltyCard] => stdClass Object
        (
            [points] => 0
        )

    [creatingBranchId] => nOyAmzOP_j3o0YAiiDM__Q
    [archived] => 
    [deleted] => 
    [banned] => 
    [clientCategoryIds] => Array
        (
        )

)
</pre>
<span style='font-weight: bold; color: #0033cc'>[2023-01-27 00:42:09] DEBUG:</span>	 sum = 57.800000
<span style='font-weight: bold; color: #0033cc'>[2023-01-27 00:42:09] DEBUG:</span>	 item price = 28.900000, rounded = 28.900000
<span style='font-weight: bold; color: #0033cc'>[2023-01-27 00:42:09] DEBUG:</span>	 creating purchase: {"number":"8bc71b10-8b6f-4f77-948d-618062f9ebc3","clientId":"tNqpRcqY1GvKL3VluZrUig","items":[{"branchProductId":"QPDItBq-1XCcQYtJvkir6kP0CqXUThxB_w6qwbGek7A","price":"28.90","quantity":2}],"payments":[{"amount":"57.80","type":"CREDIT"}]}
<span style='font-weight: bold; color: #0033cc'>[2023-01-27 00:42:12] DEBUG:</span>	 purchase #GIhMV1zJEInYC4TvYStb8w: <pre>stdClass Object
(
    [purchaseId] => GIhMV1zJEInYC4TvYStb8w
    [number] => 8bc71b10-8b6f-4f77-948d-618062f9ebc3
    [transactionNumber] => 7654
    [clientId] => tNqpRcqY1GvKL3VluZrUig
    [payments] => Array
        (
            [0] => stdClass Object
                (
                    [paymentId] => maN22s5X25bIZiSxE2hbXQ
                    [type] => CREDIT
                    [amount] => 57.8
                    [customTypeName] => Kreditkarte
                    [customTypeCode] => Kre
                )

        )

    [items] => Array
        (
            [0] => stdClass Object
                (
                    [purchaseItemId] => aicAKj1WGP7XRr_U2owoGw
                    [description] => Ultra Free Mud 50ml 
                    [price] => 28.9
                    [details] => stdClass Object
                        (
                            [totalAmount] => 57.8
                            [taxAmount] => 9.23
                            [taxIncluded] => 1
                            [taxRates] => Array
                                (
                                    [0] => stdClass Object
                                        (
                                            [name] => MwSt
                                            [rate] => 19
                                        )

                                )

                        )

                    [childPurchaseItems] => Array
                        (
                        )

                    [quantity] => 2
                )

        )

    [details] => stdClass Object
        (
            [totalAmount] => 57.8
            [taxAmount] => 9.23
            [changeAmount] => 0
            [taxes] => Array
                (
                    [0] => stdClass Object
                        (
                            [taxAmount] => 9.23
                            [taxRate] => stdClass Object
                                (
                                    [name] => MwSt
                                    [rate] => 19
                                )

                        )

                )

        )

)
</pre>
<span style='font-weight: bold; color: #009933'>[2023-01-27 00:42:13] INFO:</span>	 purchase created: orderId 94 - purchaseId GIhMV1zJEInYC4TvYStb8w
